<?xml version="1.0" encoding="UTF-8"?>
<!-- Generated by org.testng.reporters.JUnitReportReporter -->
<testsuite hostname="DESKTOP-64JD4FC" failures="0" tests="3" name="E_commerceTest.tests.Submit_Test" time="28.688" errors="0" timestamp="2023-03-04T21:12:25 IST" skipped="0">
  <testcase classname="E_commerceTest.tests.Submit_Test" name="OrdersHistory" time="7.456"/>
  <system-out/>
  <testcase classname="E_commerceTest.tests.Submit_Test" name="submitorder" time="10.655"/>
  <system-out/>
  <testcase classname="E_commerceTest.tests.Submit_Test" name="submitorder" time="10.577"/>
  <system-out/>
</testsuite> <!-- E_commerceTest.tests.Submit_Test -->
