<?xml version="1.0" encoding="UTF-8"?>
<!-- Generated by org.testng.reporters.JUnitReportReporter -->
<testsuite hostname="DESKTOP-64JD4FC" failures="0" tests="1" name="sel_Grid.GridTest" time="14.268" errors="0" timestamp="2023-03-06T18:54:19 IST" skipped="0">
  <testcase classname="sel_Grid.GridTest" name="googlCheck" time="14.268"/>
  <system-out/>
</testsuite> <!-- sel_Grid.GridTest -->
