<?xml version="1.0" encoding="UTF-8"?>
<!-- Generated by org.testng.reporters.JUnitReportReporter -->
<testsuite skipped="0" hostname="DESKTOP-64JD4FC" name="E_commerceTest.tests.Submit_Test" tests="2" failures="0" timestamp="04 Mar 2023 15:24:55 GMT" time="37.361" errors="0">
  <testcase name="submitorder" time="19.090" classname="E_commerceTest.tests.Submit_Test"/>
  <testcase name="submitorder" time="18.271" classname="E_commerceTest.tests.Submit_Test"/>
</testsuite> <!-- E_commerceTest.tests.Submit_Test -->
